----------------------------------------------------------------
Thu Dec 17 14:20:49 IST 2020:
Booting Derby version The Apache Software Foundation - Apache Derby - 10.14.2.0 - (1828579): instance a816c00e-0176-6fe5-04e8-0000018c4208 
on database directory memory:C:\Users\hp\IdeaProjects\nidhii\e38a5770-ee7d-4005-a093-aa0787f85a5e with class loader jdk.internal.loader.ClassLoaders$AppClassLoader@77556fd 
Loaded from file:/C:/Users/hp/.m2/repository/org/apache/derby/derby/10.14.2.0/derby-10.14.2.0.jar
java.vendor=Oracle Corporation
java.runtime.version=11.0.9+7-LTS
user.dir=C:\Users\hp\IdeaProjects\nidhii
os.name=Windows 10
os.arch=amd64
os.version=10.0
derby.system.home=null
Database Class Loader started - derby.database.classpath=''
----------------------------------------------------------------
Thu Dec 17 14:20:59 IST 2020:
Shutting down instance a816c00e-0176-6fe5-04e8-0000018c4208 on database directory memory:C:\Users\hp\IdeaProjects\nidhii\e38a5770-ee7d-4005-a093-aa0787f85a5e with class loader jdk.internal.loader.ClassLoaders$AppClassLoader@77556fd 
----------------------------------------------------------------
Thu Dec 17 14:38:08 IST 2020:
Booting Derby version The Apache Software Foundation - Apache Derby - 10.14.2.0 - (1828579): instance 176240b2-0176-6fe5-04e8-0000018c4208 
on database directory memory:C:\Users\hp\IdeaProjects\nidhii\27bc3745-2e18-4812-b971-ab5f46cf2edc with class loader jdk.internal.loader.ClassLoaders$AppClassLoader@77556fd 
Loaded from file:/C:/Users/hp/.m2/repository/org/apache/derby/derby/10.14.2.0/derby-10.14.2.0.jar
java.vendor=Oracle Corporation
java.runtime.version=11.0.9+7-LTS
user.dir=C:\Users\hp\IdeaProjects\nidhii
os.name=Windows 10
os.arch=amd64
os.version=10.0
derby.system.home=null
Database Class Loader started - derby.database.classpath=''
----------------------------------------------------------------
Thu Dec 17 14:38:11 IST 2020:
Shutting down instance 176240b2-0176-6fe5-04e8-0000018c4208 on database directory memory:C:\Users\hp\IdeaProjects\nidhii\27bc3745-2e18-4812-b971-ab5f46cf2edc with class loader jdk.internal.loader.ClassLoaders$AppClassLoader@77556fd 
----------------------------------------------------------------
Thu Dec 17 14:42:43 IST 2020:
Booting Derby version The Apache Software Foundation - Apache Derby - 10.14.2.0 - (1828579): instance a0f1c156-0176-6fe5-04e8-0000018c4208 
on database directory memory:C:\Users\hp\IdeaProjects\nidhii\216bbb17-b67a-4cbf-ad21-5889a963c2f0 with class loader jdk.internal.loader.ClassLoaders$AppClassLoader@77556fd 
Loaded from file:/C:/Users/hp/.m2/repository/org/apache/derby/derby/10.14.2.0/derby-10.14.2.0.jar
java.vendor=Oracle Corporation
java.runtime.version=11.0.9+7-LTS
user.dir=C:\Users\hp\IdeaProjects\nidhii
os.name=Windows 10
os.arch=amd64
os.version=10.0
derby.system.home=null
Database Class Loader started - derby.database.classpath=''
----------------------------------------------------------------
Thu Dec 17 14:42:45 IST 2020:
Shutting down instance a0f1c156-0176-6fe5-04e8-0000018c4208 on database directory memory:C:\Users\hp\IdeaProjects\nidhii\216bbb17-b67a-4cbf-ad21-5889a963c2f0 with class loader jdk.internal.loader.ClassLoaders$AppClassLoader@77556fd 
